123 ExposedTrash 839 357 80 89 1559701908
123 UoDOFacilities 1108 366 54 104 f8ec2c54-270a-341b-aa8a-6279872d2468
123 ExposedTrash 1089 390 95 82 1559701908
123 UORoads 978 422 56 66 5ba8e997-340c-3649-a57a-b83729a3f592
123 UoDOFacilities 267 344 74 94 863b5915-bdae-31ff-b9a4-32d4ebfb7202
123 UoDOFacilities 536 488 84 134 abe00485-9a05-3aa1-8e65-efeb6c02fa29
123 UoDOFacilities 212 425 76 106 370305f8-4765-3dac-8b68-7d1f1a21f9af
123 UoDOFacilities 1107 314 51 73 affce3da-d798-33c8-9b80-72e3ca93fa58
123 UORoads 761 486 287 81 f4931060-1472-3f33-b404-3a5bed2bc16d
123 UORoads 882 477 163 80 45a1720c-4301-38d6-aadf-6dd079f6b0bb
123 UoDOFacilities 605 431 67 93 45a1720c-4301-38d6-aadf-6dd079f6b0bb
123 ExposedTrash 1046 240 228 77 4fa3926d-1857-3d62-a932-055ead025037
123 UoDOFacilities 608 438 69 83 6ffa1733-f793-3c26-a221-7a87e8025601
123 UoDOFacilities 214 429 74 107 c73e0ea1-82cb-304f-a808-af9f979ff2f1
123 UoDOFacilities 532 572 92 118 8c3c7aab-3945-3979-8a5d-98b977b80d6e
123 UoDOFacilities 335 410 68 99 8c3c7aab-3945-3979-8a5d-98b977b80d6e
123 ExposedTrash 572 517 73 62 41f92959-9c93-3cf1-a082-efa5e589974a
123 ExposedTrash 548 605 117 62 f14582ff-002f-333a-955c-cd535446281a
123 UoDOFacilities 481 562 89 119 923c8ef9-2750-3dc2-a4d8-9a19bcf00211
123 UoDOFacilities 385 507 86 113 734a9b86-801d-39d9-88ba-a49473ec8665
123 UoDOFacilities 368 483 92 109 1749e824-8eb1-3378-b92c-2199ca88a563
123 UoDOFacilities 215 483 82 110 91e45afa-d69d-3897-9ba4-ce3e4459af22
123 UoDOFacilities 410 348 57 86 32ba62c4-3a24-300a-8a86-11efb0e218a7
123 ExposedTrash 1080 446 101 37 1559702336
123 ExposedTrash 839 357 81 71 1559702336
123 ExposedTrash 872 242 59 83 1559276088
123 ExposedTrash 1036 442 91 44 1559276083
123 UoDOFacilities 433 228 150 90 1559703673
123 UoDOFacilities 1098 416 83 71 1559275475
123 UoDOFacilities 1088 331 104 170 7122f8d4-9fbb-31ac-b932-ad7147dab84f
123 ExposedTrash 1083 415 95 57 09610d98-615c-39c1-8986-b97be155ae19
123 ExposedTrash 229 567 191 153 03f9b79e-44a9-31a0-88b5-9344542034b7
123 ExposedTrash 0 0 1280 720 836bfc86-1cfb-398d-9d97-a802e8561a81
123 ExposedTrash 435 229 149 88 975587b8-1637-3a9c-82b7-34de7186d98b
123 ExposedTrash 807 428 41 23 b7a4dfb4-fc76-3c8b-bda3-09e7a6c9e0e6
123 ExposedTrash 528 459 71 36 d3369c44-95f3-3d24-bcb4-0d989e063699
123 ExposedTrash 744 381 161 51 d3369c44-95f3-3d24-bcb4-0d989e063699
123 UoDOFacilities 843 175 273 100 1d26785f-df41-35f5-9177-3447fb3b9208
123 ExposedTrash 698 308 34 20 bb9138bc-0684-357a-a9b8-7b0a6981f501
123 ExposedTrash 1146 293 124 49 55a727b3-9698-30e8-b6b4-97dcd56388ec
123 UORoads 942 546 99 86 9f143598-2a44-379e-bf47-eda6116622af
123 ExposedTrash 327 422 247 122 cb4962f7-311c-3893-be40-1231e23e2cd2
123 ExposedTrash 0 336 194 152 ac894359-954e-3705-a4a5-b0156a9d5d2c
123 ExposedTrash 1124 299 150 48 d189186a-8e88-3fdc-8485-963c3213de2f
123 UORoads 419 135 111 83 d189186a-8e88-3fdc-8485-963c3213de2f
123 UoDOFacilities 855 180 269 79 f94969a8-0d72-3671-8741-4de1a3d87fb8
123 UORoads 1128 366 124 200 4afcdab1-439c-32ce-8b7a-c29836d6e08f
123 ExposedTrash 588 530 166 142 cae85b21-bf21-3830-9499-7cecf8a4679f
123 UoDOFacilities 505 197 45 63 b9e9b30c-d731-312d-85e6-ea29db7ff115
123 ExposedTrash 863 625 96 72 05643809-02bc-3cd4-b062-932a5b6b8b11
123 UORoads 550 212 340 508 f94969a8-0d72-3671-8741-4de1a3d87fb8
123 UORoads 1081 236 190 101 f94969a8-0d72-3671-8741-4de1a3d87fb8
123 UORoads 573 515 204 174 4afcdab1-439c-32ce-8b7a-c29836d6e08f
123 UoDOFacilities 852 169 256 77 4afcdab1-439c-32ce-8b7a-c29836d6e08f
123 ExposedTrash 1096 293 182 54 8183936d-6880-31fe-b40d-e6129ad9cbfe
123 ExposedTrash 10 358 204 146 bde7df5f-c2b1-3a6a-a8d7-be0f10b0fe98
123 UoDOFacilities 505 194 46 65 186974e8-cf54-308f-952e-c55059699d4a
123 ExposedTrash 1113 302 163 47 1e45526d-6650-3214-a974-387c4364578f
123 ExposedTrash 1113 302 163 47 1e45526d-6650-3214-a974-387c4364578f
123 UORoads 296 386 282 180 41c5ef40-ba89-311d-8bd2-f0778259dd01
123 UoDOFacilities 761 226 220 110 6ac46642-7352-3362-9c4d-ff8a651335d2
123 UoDOFacilities 754 548 235 152 41c5ef40-ba89-311d-8bd2-f0778259dd01
123 UoDOFacilities 839 185 292 72 41c5ef40-ba89-311d-8bd2-f0778259dd01
123 UoDOFacilities 826 230 46 60 6ac46642-7352-3362-9c4d-ff8a651335d2
123 UoDOFacilities 503 191 48 67 9cb841b7-ad1a-354f-9df3-0f35cc64d213
123 UoDOFacilities 1187 80 53 70 6ecb69ab-61f4-3ba0-959a-f21993f22f7c
123 ExposedTrash 338 418 224 140 41c5ef40-ba89-311d-8bd2-f0778259dd01
123 UoDOFacilities 838 168 273 83 41c5ef40-ba89-311d-8bd2-f0778259dd01
123 UoDOFacilities 759 530 200 169 41c5ef40-ba89-311d-8bd2-f0778259dd01
123 UoDOFacilities 824 218 48 74 6ac46642-7352-3362-9c4d-ff8a651335d2
123 ExposedTrash 1140 284 134 67 742eaeb5-73ab-361e-bfdc-dbe4a70df10f
123 ExposedTrash 328 391 267 125 a0901e82-e048-3858-9aef-bed54e4fe652
123 UoDOFacilities 589 257 210 172 a0901e82-e048-3858-9aef-bed54e4fe652
123 UoDOFacilities 501 193 50 68 ea8b511e-8d82-32a8-90c2-18362c8a4a80
123 ExposedTrash 1145 640 133 70 f6fdd5cb-7b6f-30d4-b664-b909d49f235e
123 ExposedTrash 317 398 261 112 a0901e82-e048-3858-9aef-bed54e4fe652
123 UoDOFacilities 1170 378 86 200 a0901e82-e048-3858-9aef-bed54e4fe652
123 UoDOFacilities 1178 270 92 100 a0901e82-e048-3858-9aef-bed54e4fe652
123 UoDOFacilities 578 256 208 171 a0901e82-e048-3858-9aef-bed54e4fe652
123 UoDOFacilities 502 189 47 68 d3b1c393-9825-3bea-999a-a54a1e36e1b6
123 UoDOFacilities 747 551 216 150 f9076c9c-d4e0-3a4d-a4c4-5446bcc89dd8
123 UoDOFacilities 586 231 118 85 f9076c9c-d4e0-3a4d-a4c4-5446bcc89dd8
123 UoDOFacilities 850 182 265 75 f9076c9c-d4e0-3a4d-a4c4-5446bcc89dd8
123 UoDOFacilities 495 190 58 63 5624499d-3617-3432-8941-364712be4f86
123 ExposedTrash 299 421 274 92 c0c57c66-60dd-3727-958b-da721d2f537e
123 UoDOFacilities 594 235 108 83 c0c57c66-60dd-3727-958b-da721d2f537e
123 UoDOFacilities 817 145 323 110 c0c57c66-60dd-3727-958b-da721d2f537e
123 UoDOFacilities 824 222 40 54 517ed286-c613-3a25-9797-edb008febc15
123 ExposedTrash 628 280 49 43 995096bc-b5dc-3a24-94c1-3e27f666eeff
123 UoDOFacilities 818 151 314 112 95e3f11e-f1eb-3c68-a042-852244d6e1b2
123 IllegalStand 971 470 70 126 9e28fbb2-a04e-3872-8b95-7a8d16027215
123 ExposedTrash 558 364 112 182 95e3f11e-f1eb-3c68-a042-852244d6e1b2
123 UoDOFacilities 1145 325 95 214 95e3f11e-f1eb-3c68-a042-852244d6e1b2
123 UORoads 481 110 193 66 95e3f11e-f1eb-3c68-a042-852244d6e1b2
123 UoDOFacilities 677 438 128 149 95e3f11e-f1eb-3c68-a042-852244d6e1b2
123 UORoads 598 227 106 89 95e3f11e-f1eb-3c68-a042-852244d6e1b2
123 ExposedTrash 1105 283 170 57 8aa69b56-5e33-35f2-8d89-ba7f874117e2
123 ExposedTrash 1133 292 141 49 8aa69b56-5e33-35f2-8d89-ba7f874117e2
123 UORoads 974 490 67 110 df9a468f-101e-39ef-a2f2-e56a19c08274
123 UoDOFacilities 681 440 125 151 88b4b93c-e201-3035-97eb-7e1175df5c18
123 UoDOFacilities 828 154 285 111 88b4b93c-e201-3035-97eb-7e1175df5c18
123 UORoads 450 142 236 76 2f600776-f6f7-36b6-8f9c-076ace968ba6
123 UoDOFacilities 840 149 290 117 88b4b93c-e201-3035-97eb-7e1175df5c18
123 UORoads 575 219 129 106 88b4b93c-e201-3035-97eb-7e1175df5c18
123 UoDOFacilities 692 439 120 152 88b4b93c-e201-3035-97eb-7e1175df5c18
123 UORoads 972 499 74 100 df9a468f-101e-39ef-a2f2-e56a19c08274
123 UoDOFacilities 830 149 306 118 88b4b93c-e201-3035-97eb-7e1175df5c18
123 UORoads 598 226 105 99 88b4b93c-e201-3035-97eb-7e1175df5c18
123 UoDOFacilities 686 437 124 156 88b4b93c-e201-3035-97eb-7e1175df5c18
123 UoDOFacilities 867 143 277 134 f783c241-eacd-3500-94dd-f02d7852078c
123 UoDOFacilities 0 0 100 100 f783c241-eacd-3500-94dd-f02d7852078c
123 UoDOFacilities 495 189 60 63 26becb94-1caf-3bfb-9a4f-98068a476576
123 ExposedTrash 701 382 270 77 07ace399-25b3-383f-931e-e8b2c6039336
123 ExposedTrash 201 511 55 31 0c9f51d2-b8be-339b-be3d-dfb91786c126
123 UORoads 1161 225 99 96 0c9f51d2-b8be-339b-be3d-dfb91786c126
123 UORoads 764 326 110 110 0c9f51d2-b8be-339b-be3d-dfb91786c126
123 UoDOFacilities 880 141 270 88 0c9f51d2-b8be-339b-be3d-dfb91786c126
123 UoDOFacilities 900 137 241 92 a5f916c7-002d-33b1-bce1-4738c9172771
123 UoDOFacilities 863 134 296 97 53091ebd-e90f-39af-b9f9-cd61213657e4
123 UoDOFacilities 502 194 46 60 557e116d-fc52-3ef3-883f-6f7a7734b0cc
123 UoDOFacilities 887 140 241 92 6974de40-607d-3467-99f9-9da8e7ae397f
123 UoDOFacilities 870 138 270 95 7b1c4d31-8da9-3fa3-9b3e-bb726d8b0278
123 UoDOFacilities 848 134 292 100 fdae93a8-5505-3d22-84c3-80c60a7434bd
123 UoDOFacilities 872 156 266 82 c3dc648a-a8d2-30d1-8121-ff44f491dbc8
123 UoDOFacilities 894 152 253 78 0de2ed22-dfb3-31e6-af20-08a729d6c43e
123 UORoads 205 287 128 126 83efae7a-bf8f-313f-800d-b99964c5d3e4
123 UORoads 205 287 128 126 83efae7a-bf8f-313f-800d-b99964c5d3e4
123 ExposedTrash 1166 304 107 43 66255d0e-fa49-3f82-bffa-034bfeb0fb5b
123 UoDOFacilities 503 190 45 65 cc993ded-6273-32ee-b409-979cd69291bb
123 UoDOFacilities 880 134 258 97 32376159-9495-31ad-9160-131e757ddc9d
123 ExposedTrash 646 375 315 64 57379fac-eb7a-340d-ad8e-79ee31aad75b
123 UORoads 208 287 122 128 826b726a-1f16-3798-83f5-d7bfb96f1103
123 UoDOFacilities 0 577 151 90 6d5ce52b-afce-345c-98fc-42e10826dca5
123 ExposedTrash 1161 300 112 45 6f2bb991-f759-3e10-a363-1d7d0adc670e
123 ExposedTrash 173 450 272 43 de684600-a5d2-3e24-8172-a0965be9856f
123 UoDOFacilities 874 136 256 99 802da620-0341-35e6-a322-1cd6e8fb837f
123 ExposedTrash 644 372 253 69 f7e4eb8f-f4da-3b94-85c4-2776b10330b8
123 UORoads 860 531 126 177 2830532f-0777-3c15-9f9a-a8af28deb5c1
123 UoDOFacilities 490 190 58 63 c0f4b79e-3d36-3c17-9bca-366d516c3131
123 UoDOFacilities 861 147 287 86 f2d39ddc-e5a4-3c27-93c4-a49da16d22a0
123 UORoads 876 557 115 147 44cb3543-633e-3ddb-82a7-89293dd1b7dd
123 UoDOFacilities 903 144 243 84 93bc9fe9-6756-3541-92da-b88a6e5fe8f3
123 ExposedTrash 14 369 152 157 0f74c68d-d3d1-3328-8a7c-b06a52018093
123 UORoads 178 304 146 166 dec398b2-ec57-3b20-b773-2af845e47350
123 ExposedTrash 0 361 152 175 ee102b5e-c607-39c6-8b94-d5185f62d332
123 UORoads 510 120 49 70 42fbdd97-82a0-3a78-8eaf-47a4e98a33ce
123 UORoads 1120 233 140 100 bafb1a1b-624b-3878-aa32-1de8f0db2abe
123 UoDOFacilities 602 455 148 204 bafb1a1b-624b-3878-aa32-1de8f0db2abe
123 UORoads 622 218 152 217 bafb1a1b-624b-3878-aa32-1de8f0db2abe
123 UORoads 1075 230 140 109 8340c417-4de7-3344-9f10-43ab7cd2c0e1
123 UoDOFacilities 594 461 164 195 24c82020-c4ba-3c75-acf8-131f21f4c72f
123 ExposedTrash 835 462 43 28 d4e52af7-e1dd-3f04-af41-d6cdb55efa40
123 ExposedTrash 162 210 281 88 7ea23a62-36e6-3909-8de0-733ee34374db
123 UORoads 1175 218 88 118 3687d5ae-1a70-3bb4-9663-e5cf41a063da
123 UORoads 1163 222 100 112 f5b27bde-cd1d-33d7-aac0-7eb2b13a2bb0
123 UoDOFacilities 724 553 179 110 4cf2ee18-b998-31fa-bb2f-29bbe4b49e09
123 IllegalStand 341 345 130 75 4fe16ca2-bb9b-37ce-b877-4fde0fb75692
123 UORoads 915 504 145 145 f00cdf5e-59a9-3d6c-aecf-929a43ca7641
123 IllegalStand 1014 503 174 108 091c4d6d-0746-3aae-af03-7ca9c3707965
